  main.cpp
f:\github\opencv_bodydetecting\bodysizemeasurement\bodysizemeasurement\opencv\build\include\opencv2\core\mat.hpp(2586): warning C4819: 현재 코드 페이지(949)에서 표시할 수 없는 문자가 파일에 들어 있습니다. 데이터가 손실되지 않게 하려면 해당 파일을 유니코드 형식으로 저장하십시오.
f:\github\opencv_bodydetecting\bodysizemeasurement\bodysizemeasurement\opencv\build\include\opencv2\core\persistence.hpp : warning C4819: 현재 코드 페이지(949)에서 표시할 수 없는 문자가 파일에 들어 있습니다. 데이터가 손실되지 않게 하려면 해당 파일을 유니코드 형식으로 저장하십시오.
f:\github\opencv_bodydetecting\bodysizemeasurement\bodysizemeasurement\opencv\build\include\opencv2\core\utility.hpp : warning C4819: 현재 코드 페이지(949)에서 표시할 수 없는 문자가 파일에 들어 있습니다. 데이터가 손실되지 않게 하려면 해당 파일을 유니코드 형식으로 저장하십시오.
f:\github\opencv_bodydetecting\bodysizemeasurement\bodysizemeasurement\opencv\build\include\opencv2\imgproc.hpp : warning C4819: 현재 코드 페이지(949)에서 표시할 수 없는 문자가 파일에 들어 있습니다. 데이터가 손실되지 않게 하려면 해당 파일을 유니코드 형식으로 저장하십시오.
f:\github\opencv_bodydetecting\bodysizemeasurement\bodysizemeasurement\opencv\build\include\opencv2\imgproc.hpp(592): warning C4819: 현재 코드 페이지(949)에서 표시할 수 없는 문자가 파일에 들어 있습니다. 데이터가 손실되지 않게 하려면 해당 파일을 유니코드 형식으로 저장하십시오.
f:\github\opencv_bodydetecting\bodysizemeasurement\bodysizemeasurement\opencv\build\include\opencv2\video\tracking.hpp(532): warning C4819: 현재 코드 페이지(949)에서 표시할 수 없는 문자가 파일에 들어 있습니다. 데이터가 손실되지 않게 하려면 해당 파일을 유니코드 형식으로 저장하십시오.
f:\github\opencv_bodydetecting\bodysizemeasurement\bodysizemeasurement\main.cpp(89): warning C4244: '인수': 'double'에서 'float'(으)로 변환하면서 데이터가 손실될 수 있습니다.
f:\github\opencv_bodydetecting\bodysizemeasurement\bodysizemeasurement\main.cpp(90): warning C4244: '인수': 'double'에서 'float'(으)로 변환하면서 데이터가 손실될 수 있습니다.
f:\github\opencv_bodydetecting\bodysizemeasurement\bodysizemeasurement\main.cpp(91): warning C4244: '인수': 'double'에서 'float'(으)로 변환하면서 데이터가 손실될 수 있습니다.
f:\github\opencv_bodydetecting\bodysizemeasurement\bodysizemeasurement\main.cpp(92): warning C4244: '인수': 'double'에서 'float'(으)로 변환하면서 데이터가 손실될 수 있습니다.
f:\github\opencv_bodydetecting\bodysizemeasurement\bodysizemeasurement\main.cpp(277): warning C4244: '인수': 'double'에서 'int'(으)로 변환하면서 데이터가 손실될 수 있습니다.
f:\github\opencv_bodydetecting\bodysizemeasurement\bodysizemeasurement\main.cpp(908): warning C4477: 'printf' : 서식 문자열 '%f'에 'double' 형식의 인수가 필요하지만 variadic 인수 1의 형식이 'int'입니다.
f:\github\opencv_bodydetecting\bodysizemeasurement\bodysizemeasurement\main.cpp(908): warning C4477: 'printf' : 서식 문자열 '%f'에 'double' 형식의 인수가 필요하지만 variadic 인수 2의 형식이 'int'입니다.
f:\github\opencv_bodydetecting\bodysizemeasurement\bodysizemeasurement\main.cpp(1096): warning C4244: '초기화 중': 'double'에서 'float'(으)로 변환하면서 데이터가 손실될 수 있습니다.
f:\github\opencv_bodydetecting\bodysizemeasurement\bodysizemeasurement\main.cpp(1097): warning C4244: '초기화 중': 'double'에서 'float'(으)로 변환하면서 데이터가 손실될 수 있습니다.
f:\github\opencv_bodydetecting\bodysizemeasurement\bodysizemeasurement\main.cpp(1517): warning C4267: '초기화 중': 'size_t'에서 'int'(으)로 변환하면서 데이터가 손실될 수 있습니다.
f:\github\opencv_bodydetecting\bodysizemeasurement\bodysizemeasurement\main.cpp(1586): warning C4244: '인수': 'double'에서 'int'(으)로 변환하면서 데이터가 손실될 수 있습니다.
f:\github\opencv_bodydetecting\bodysizemeasurement\bodysizemeasurement\main.cpp(1602): warning C4244: '인수': 'double'에서 'int'(으)로 변환하면서 데이터가 손실될 수 있습니다.
  BodySizeMeasurement.vcxproj -> F:\GitHub\OpenCV_BodyDetecting\BodySizeMeasurement\x64\Debug\BodySizeMeasurement.exe
  BodySizeMeasurement.vcxproj -> F:\GitHub\OpenCV_BodyDetecting\BodySizeMeasurement\x64\Debug\BodySizeMeasurement.pdb (Full PDB)
